#
# A fatal error has been detected by the Java Runtime Environment:
#
#  EXCEPTION_ACCESS_VIOLATION (0xc0000005) at pc=0x00007ffb137d56f6, pid=8876, tid=12104
#
# JRE version: Java(TM) SE Runtime Environment (11.0.4+10) (build 11.0.4+10-LTS)
# Java VM: Java HotSpot(TM) 64-Bit Server VM (11.0.4+10-LTS, mixed mode, tiered, compressed oops, g1 gc, windows-amd64)
# Problematic frame:
# V  [jvm.dll+0x6256f6]
#
# No core dump will be written. Minidumps are not enabled by default on client versions of Windows
#
# If you would like to submit a bug report, please visit:
#   http://bugreport.java.com/bugreport/crash.jsp
#

---------------  S U M M A R Y ------------

Command Line: -Dcom.sun.management.jmxremote -Dcom.sun.management.jmxremote.port=62960 -Dcom.sun.management.jmxremote.authenticate=false -Dcom.sun.management.jmxremote.ssl=false -Djava.rmi.server.hostname=localhost -Dspring.jmx.enabled=true -Dspring.application.admin.enabled=true -Xverify:none -XX:TieredStopAtLevel=1 -Dspring.boot.project.name=spring-boot-ionic-backend -Dfile.encoding=UTF-8 com.matheuscordeiro.conceptualmodels.ConceptualmodelsApplication --spring.output.ansi.enabled=always

Host: Intel(R) Core(TM) i7-8565U CPU @ 1.80GHz, 8 cores, 7G,  Windows 10 , 64 bit Build 18362 (10.0.18362.329)
Time: Tue Dec 17 22:01:58 2019 Hora oficial do Brasil elapsed time: 1 seconds (0d 0h 0m 1s)

---------------  T H R E A D  ---------------

Current thread (0x000001f36b9aa800):  GCTaskThread "GC Thread#1" [stack: 0x000000f1c1d00000,0x000000f1c1e00000] [id=12104]

Stack: [0x000000f1c1d00000,0x000000f1c1e00000],  sp=0x000000f1c1dfdfb0,  free space=1015k
Native frames: (J=compiled Java code, j=interpreted, Vv=VM code, C=native code)
V  [jvm.dll+0x6256f6]
V  [jvm.dll+0x5ea5c9]
V  [jvm.dll+0x2e2ba5]
V  [jvm.dll+0x2e2629]
V  [jvm.dll+0x736717]
V  [jvm.dll+0x736b80]
V  [jvm.dll+0x329e95]
V  [jvm.dll+0x329998]
V  [jvm.dll+0x2f5b90]
V  [jvm.dll+0x7a5690]
V  [jvm.dll+0x634c82]
C  [ucrtbase.dll+0x20e72]
C  [KERNEL32.DLL+0x17bd4]
C  [ntdll.dll+0x6ced1]

JavaThread 0x000001f369fa7000 (nid = 16812) was being processed
Java frames: (J=compiled Java code, j=interpreted, Vv=VM code)
j  java.lang.Object.wait(J)V+0 java.base@11.0.4
j  java.lang.ref.ReferenceQueue.remove(J)Ljava/lang/ref/Reference;+59 java.base@11.0.4
j  java.lang.ref.ReferenceQueue.remove()Ljava/lang/ref/Reference;+2 java.base@11.0.4
j  java.lang.ref.Finalizer$FinalizerThread.run()V+37 java.base@11.0.4
v  ~StubRoutines::call_stub

siginfo: EXCEPTION_ACCESS_VIOLATION (0xc0000005), reading address 0x000000040000004b


Register to memory mapping:

RIP=0x00007ffb137d56f6 jvm.dll
RAX=0x0000000400000003 is an unknown value
RBX=0x00000000000003e9 is an unknown value
RCX=0x0000000000000009 is an unknown value
RDX=0x000000f1c1dfe040 points into unknown readable memory: c8 24 10 6a f3 01 00 00
RSP=0x000000f1c1dfdfb0 points into unknown readable memory: 26 00 00 00 00 00 00 00
RBP=0x0000000000000025 is an unknown value
RSI={method} {0x000001f36a1024d0} 'run' '()V' in 'java/lang/ref/Finalizer$FinalizerThread'
RDI=0x00000000000003e9 is an unknown value
R8 =0x0000000000000025 is an unknown value
R9 =0x000000f1c1dfe158 points into unknown readable memory: 00 00 00 00 00 00 00 00
R10=0x000001f36a102408 is pointing into metadata
R11=0x00000000830dfb50 is an oop: java.lang.Class 
{0x00000000830dfb50} - klass: 'java/lang/Class'
R12=0x000000f1c1dfe158 points into unknown readable memory: 00 00 00 00 00 00 00 00
R13=0x00000000000003d8 is an unknown value
R14=0x000001f36b99d170 points into unknown readable memory: 03 00 00 00 04 00 00 00
R15=0x000000f1c1dfe040 points into unknown readable memory: c8 24 10 6a f3 01 00 00


Registers:
RAX=0x0000000400000003, RBX=0x00000000000003e9, RCX=0x0000000000000009, RDX=0x000000f1c1dfe040
RSP=0x000000f1c1dfdfb0, RBP=0x0000000000000025, RSI=0x000001f36a1024c8, RDI=0x00000000000003e9
R8 =0x0000000000000025, R9 =0x000000f1c1dfe158, R10=0x000001f36a102408, R11=0x00000000830dfb50
R12=0x000000f1c1dfe158, R13=0x00000000000003d8, R14=0x000001f36b99d170, R15=0x000000f1c1dfe040
RIP=0x00007ffb137d56f6, EFLAGS=0x0000000000010206

Top of Stack: (sp=0x000000f1c1dfdfb0)
0x000000f1c1dfdfb0:   0000000000000026 000001f36a0fd250
0x000000f1c1dfdfc0:   0000000000000000 000001f36bd85680
0x000000f1c1dfdfd0:   000000f1c1dfe320 00000000000003d8
0x000000f1c1dfdfe0:   000001f36bd85680 000001f36bd85608
0x000000f1c1dfdff0:   0000000000000025 0000000000000025
0x000000f1c1dfe000:   000001f36a1024c8 000000f1c1dfe160
0x000000f1c1dfe010:   000000f1c1dfe158 00007ffb1379a5c9
0x000000f1c1dfe020:   000000f1c1dfe158 000000f1c1dfe160
0x000000f1c1dfe030:   000001f36a1024c8 000000f1c1dfe158
0x000000f1c1dfe040:   000001f36a1024c8 000001f36b9aa800
0x000000f1c1dfe050:   000001f36bd85680 00007ffb13492ba5
0x000000f1c1dfe060:   000000f1c1dfe320 000000f1c1dfe2f0
0x000000f1c1dfe070:   000000f1c1dfe160 000001f36bd85680
0x000000f1c1dfe080:   00000000830e1b01 000001f36a1024c8
0x000000f1c1dfe090:   000001f36b9aa800 000001f300000003
0x000000f1c1dfe0a0:   000001f36b9aa800 00007ffb1349547c 

Instructions: (pc=0x00007ffb137d56f6)
0x00007ffb137d56d6:   24 70 48 89 77 10 8b fb 66 90 8b c7 25 1f 00 00
0x00007ffb137d56e6:   80 7d 07 ff c8 83 c8 e0 ff c0 48 63 c8 49 8b 06
0x00007ffb137d56f6:   48 8b 14 c8 48 85 d2 74 15 48 8b 02 48 85 c0 74
0x00007ffb137d5706:   0d 49 3b 07 75 08 0f b7 42 08 3b c5 74 79 ff c7 


Stack slot to memory mapping:
stack at sp + 0 slots: 0x0000000000000026 is an unknown value
stack at sp + 1 slots: {method} {0x000001f36a0fd258} 'remove' '()Ljava/lang/ref/Reference;' in 'java/lang/ref/ReferenceQueue'
stack at sp + 2 slots: 0x0 is NULL
stack at sp + 3 slots: 0x000001f36bd85680 points into unknown readable memory: d0 1b a3 13 fb 7f 00 00
stack at sp + 4 slots: 0x000000f1c1dfe320 points into unknown readable memory: 00 00 00 00 00 00 00 00
stack at sp + 5 slots: 0x00000000000003d8 is an unknown value
stack at sp + 6 slots: 0x000001f36bd85680 points into unknown readable memory: d0 1b a3 13 fb 7f 00 00
stack at sp + 7 slots: 0x000001f36bd85608 points into unknown readable memory: e0 1b a3 13 fb 7f 00 00


---------------  P R O C E S S  ---------------

Threads class SMR info:
_java_thread_list=0x000001f36ba7a1f0, length=15, elements={
0x000001f34b3fe800, 0x000001f369f79000, 0x000001f369fa7000, 0x000001f36a919000,
0x000001f36a91a000, 0x000001f36a91d800, 0x000001f36a921800, 0x000001f369f34800,
0x000001f36aae6000, 0x000001f36ab59800, 0x000001f36b998000, 0x000001f36acbe000,
0x000001f36ba31000, 0x000001f36bb58000, 0x000001f36ba7a800
}

Java Threads: ( => current thread )
  0x000001f34b3fe800 JavaThread "main" [_thread_blocked, id=12668, stack(0x000000f1c0c00000,0x000000f1c0d00000)]
  0x000001f369f79000 JavaThread "Reference Handler" daemon [_thread_blocked, id=13088, stack(0x000000f1c1300000,0x000000f1c1400000)]
  0x000001f369fa7000 JavaThread "Finalizer" daemon [_thread_blocked, id=16812, stack(0x000000f1c1400000,0x000000f1c1500000)]
  0x000001f36a919000 JavaThread "Signal Dispatcher" daemon [_thread_blocked, id=16072, stack(0x000000f1c1500000,0x000000f1c1600000)]
  0x000001f36a91a000 JavaThread "Attach Listener" daemon [_thread_blocked, id=13468, stack(0x000000f1c1600000,0x000000f1c1700000)]
  0x000001f36a91d800 JavaThread "C1 CompilerThread0" daemon [_thread_blocked, id=12076, stack(0x000000f1c1700000,0x000000f1c1800000)]
  0x000001f36a921800 JavaThread "Sweeper thread" daemon [_thread_blocked, id=9840, stack(0x000000f1c1800000,0x000000f1c1900000)]
  0x000001f369f34800 JavaThread "Common-Cleaner" daemon [_thread_blocked, id=3600, stack(0x000000f1c1900000,0x000000f1c1a00000)]
  0x000001f36aae6000 JavaThread "C1 CompilerThread1" daemon [_thread_blocked, id=1816, stack(0x000000f1c1a00000,0x000000f1c1b00000)]
  0x000001f36ab59800 JavaThread "Service Thread" daemon [_thread_blocked, id=16772, stack(0x000000f1c1b00000,0x000000f1c1c00000)]
  0x000001f36b998000 JavaThread "RMI TCP Accept-0" daemon [_thread_in_native, id=18152, stack(0x000000f1c1c00000,0x000000f1c1d00000)]
  0x000001f36acbe000 JavaThread "RMI TCP Accept-62960" daemon [_thread_in_native, id=17304, stack(0x000000f1c1f00000,0x000000f1c2000000)]
  0x000001f36ba31000 JavaThread "RMI TCP Accept-0" daemon [_thread_in_native, id=17880, stack(0x000000f1c2000000,0x000000f1c2100000)]
  0x000001f36bb58000 JavaThread "C1 CompilerThread2" daemon [_thread_blocked, id=5824, stack(0x000000f1c2200000,0x000000f1c2300000)]
  0x000001f36ba7a800 JavaThread "C1 CompilerThread3" daemon [_thread_blocked, id=7632, stack(0x000000f1c2300000,0x000000f1c2400000)]

Other Threads:
  0x000001f369f76800 VMThread "VM Thread" [stack: 0x000000f1c1200000,0x000000f1c1300000] [id=16328]
  0x000001f36ba3f800 WatcherThread [stack: 0x000000f1c2100000,0x000000f1c2200000] [id=17892]
  0x000001f34b417800 GCTaskThread "GC Thread#0" [stack: 0x000000f1c0d00000,0x000000f1c0e00000] [id=14360]
=>0x000001f36b9aa800 GCTaskThread "GC Thread#1" [stack: 0x000000f1c1d00000,0x000000f1c1e00000] [id=12104]
  0x000001f36b9a6000 GCTaskThread "GC Thread#2" [stack: 0x000000f1c1e00000,0x000000f1c1f00000] [id=13880]
  0x000001f34b449000 ConcurrentGCThread "G1 Main Marker" [stack: 0x000000f1c0e00000,0x000000f1c0f00000] [id=4408]
  0x000001f34b44b000 ConcurrentGCThread "G1 Conc#0" [stack: 0x000000f1c0f00000,0x000000f1c1000000] [id=13224]
  0x000001f34b4be000 ConcurrentGCThread "G1 Refine#0" [stack: 0x000000f1c1000000,0x000000f1c1100000] [id=1392]
  0x000001f369de0800 ConcurrentGCThread "G1 Young RemSet Sampling" [stack: 0x000000f1c1100000,0x000000f1c1200000] [id=15068]

Threads with active compile tasks:

VM state:at safepoint (normal execution)

VM Mutex/Monitor currently owned by a thread:  ([mutex/lock_event])
[0x000001f34b3fd590] Threads_lock - owner thread: 0x000001f369f76800
[0x000001f34b3fc4b0] Heap_lock - owner thread: 0x000001f34b3fe800

Heap address: 0x0000000082200000, size: 2014 MB, Compressed Oops mode: 32-bit
Narrow klass base: 0x0000000000000000, Narrow klass shift: 3
Compressed class space size: 1073741824 Address: 0x0000000100000000

Heap:
 garbage-first heap   total 129024K, used 34667K [0x0000000082200000, 0x0000000100000000)
  region size 1024K, 18 young (18432K), 2 survivors (2048K)
 Metaspace       used 14481K, capacity 14858K, committed 14976K, reserved 1062912K
  class space    used 1542K, capacity 1662K, committed 1664K, reserved 1048576K
Heap Regions: E=young(eden), S=young(survivor), O=old, HS=humongous(starts), HC=humongous(continues), CS=collection set, F=free, A=archive, TAMS=top-at-mark-start (previous, next)
|   0|0x0000000082200000, 0x0000000082300000, 0x0000000082300000|100%|HS|  |TAMS 0x0000000082200000, 0x0000000082200000| Complete 
|   1|0x0000000082300000, 0x0000000082400000, 0x0000000082400000|100%| O|  |TAMS 0x0000000082300000, 0x0000000082300000| Untracked 
|   2|0x0000000082400000, 0x0000000082500000, 0x0000000082500000|100%| O|  |TAMS 0x0000000082400000, 0x0000000082400000| Untracked 
|   3|0x0000000082500000, 0x0000000082600000, 0x0000000082600000|100%| O|  |TAMS 0x0000000082500000, 0x0000000082500000| Untracked 
|   4|0x0000000082600000, 0x0000000082700000, 0x0000000082700000|100%| O|  |TAMS 0x0000000082600000, 0x0000000082600000| Untracked 
|   5|0x0000000082700000, 0x0000000082800000, 0x0000000082800000|100%| O|  |TAMS 0x0000000082700000, 0x0000000082700000| Untracked 
|   6|0x0000000082800000, 0x0000000082900000, 0x0000000082900000|100%| O|  |TAMS 0x0000000082800000, 0x0000000082800000| Untracked 
|   7|0x0000000082900000, 0x0000000082a00000, 0x0000000082a00000|100%| O|  |TAMS 0x0000000082900000, 0x0000000082900000| Untracked 
|   8|0x0000000082a00000, 0x0000000082b00000, 0x0000000082b00000|100%| O|  |TAMS 0x0000000082a00000, 0x0000000082a00000| Untracked 
|   9|0x0000000082b00000, 0x0000000082c00000, 0x0000000082c00000|100%| O|  |TAMS 0x0000000082b00000, 0x0000000082b00000| Untracked 
|  10|0x0000000082c00000, 0x0000000082d00000, 0x0000000082d00000|100%| O|  |TAMS 0x0000000082c00000, 0x0000000082c00000| Untracked 
|  11|0x0000000082d00000, 0x0000000082e00000, 0x0000000082e00000|100%| O|  |TAMS 0x0000000082d00000, 0x0000000082d00000| Untracked 
|  12|0x0000000082e00000, 0x0000000082f00000, 0x0000000082f00000|100%| O|  |TAMS 0x0000000082e00000, 0x0000000082e00000| Untracked 
|  13|0x0000000082f00000, 0x0000000083000000, 0x0000000083000000|100%| O|  |TAMS 0x0000000082f00000, 0x0000000082f00000| Untracked 
|  14|0x0000000083000000, 0x0000000083100000, 0x0000000083100000|100%| O|  |TAMS 0x0000000083000000, 0x0000000083000000| Untracked 
|  15|0x0000000083100000, 0x0000000083200000, 0x0000000083200000|100%| O|  |TAMS 0x0000000083100000, 0x0000000083100000| Untracked 
|  16|0x0000000083200000, 0x0000000083300000, 0x0000000083300000|100%| O|  |TAMS 0x0000000083200000, 0x0000000083200000| Untracked 
|  17|0x0000000083300000, 0x00000000833c99c8, 0x0000000083400000| 78%| O|  |TAMS 0x0000000083300000, 0x0000000083300000| Untracked 
|  18|0x0000000083400000, 0x0000000083400000, 0x0000000083500000|  0%| F|  |TAMS 0x0000000083400000, 0x0000000083400000| Untracked 
|  19|0x0000000083500000, 0x0000000083500000, 0x0000000083600000|  0%| F|  |TAMS 0x0000000083500000, 0x0000000083500000| Untracked 
|  20|0x0000000083600000, 0x0000000083600000, 0x0000000083700000|  0%| F|  |TAMS 0x0000000083600000, 0x0000000083600000| Untracked 
|  21|0x0000000083700000, 0x0000000083700000, 0x0000000083800000|  0%| F|  |TAMS 0x0000000083700000, 0x0000000083700000| Untracked 
|  22|0x0000000083800000, 0x0000000083800000, 0x0000000083900000|  0%| F|  |TAMS 0x0000000083800000, 0x0000000083800000| Untracked 
|  23|0x0000000083900000, 0x0000000083900000, 0x0000000083a00000|  0%| F|  |TAMS 0x0000000083900000, 0x0000000083900000| Untracked 
|  24|0x0000000083a00000, 0x0000000083a00000, 0x0000000083b00000|  0%| F|  |TAMS 0x0000000083a00000, 0x0000000083a00000| Untracked 
|  25|0x0000000083b00000, 0x0000000083b00000, 0x0000000083c00000|  0%| F|  |TAMS 0x0000000083b00000, 0x0000000083b00000| Untracked 
|  26|0x0000000083c00000, 0x0000000083c00000, 0x0000000083d00000|  0%| F|  |TAMS 0x0000000083c00000, 0x0000000083c00000| Untracked 
|  27|0x0000000083d00000, 0x0000000083d00000, 0x0000000083e00000|  0%| F|  |TAMS 0x0000000083d00000, 0x0000000083d00000| Untracked 
|  28|0x0000000083e00000, 0x0000000083e00000, 0x0000000083f00000|  0%| F|  |TAMS 0x0000000083e00000, 0x0000000083e00000| Untracked 
|  29|0x0000000083f00000, 0x0000000083f00000, 0x0000000084000000|  0%| F|  |TAMS 0x0000000083f00000, 0x0000000083f00000| Untracked 
|  30|0x0000000084000000, 0x0000000084000000, 0x0000000084100000|  0%| F|  |TAMS 0x0000000084000000, 0x0000000084000000| Untracked 
|  31|0x0000000084100000, 0x0000000084100000, 0x0000000084200000|  0%| F|  |TAMS 0x0000000084100000, 0x0000000084100000| Untracked 
|  32|0x0000000084200000, 0x0000000084200000, 0x0000000084300000|  0%| F|  |TAMS 0x0000000084200000, 0x0000000084200000| Untracked 
|  33|0x0000000084300000, 0x0000000084300000, 0x0000000084400000|  0%| F|  |TAMS 0x0000000084300000, 0x0000000084300000| Untracked 
|  34|0x0000000084400000, 0x0000000084400000, 0x0000000084500000|  0%| F|  |TAMS 0x0000000084400000, 0x0000000084400000| Untracked 
|  35|0x0000000084500000, 0x0000000084500000, 0x0000000084600000|  0%| F|  |TAMS 0x0000000084500000, 0x0000000084500000| Untracked 
|  36|0x0000000084600000, 0x0000000084600000, 0x0000000084700000|  0%| F|  |TAMS 0x0000000084600000, 0x0000000084600000| Untracked 
|  37|0x0000000084700000, 0x0000000084700000, 0x0000000084800000|  0%| F|  |TAMS 0x0000000084700000, 0x0000000084700000| Untracked 
|  38|0x0000000084800000, 0x0000000084800000, 0x0000000084900000|  0%| F|  |TAMS 0x0000000084800000, 0x0000000084800000| Untracked 
|  39|0x0000000084900000, 0x0000000084900000, 0x0000000084a00000|  0%| F|  |TAMS 0x0000000084900000, 0x0000000084900000| Untracked 
|  40|0x0000000084a00000, 0x0000000084a00000, 0x0000000084b00000|  0%| F|  |TAMS 0x0000000084a00000, 0x0000000084a00000| Untracked 
|  41|0x0000000084b00000, 0x0000000084b00000, 0x0000000084c00000|  0%| F|  |TAMS 0x0000000084b00000, 0x0000000084b00000| Untracked 
|  42|0x0000000084c00000, 0x0000000084c00000, 0x0000000084d00000|  0%| F|  |TAMS 0x0000000084c00000, 0x0000000084c00000| Untracked 
|  43|0x0000000084d00000, 0x0000000084d00000, 0x0000000084e00000|  0%| F|  |TAMS 0x0000000084d00000, 0x0000000084d00000| Untracked 
|  44|0x0000000084e00000, 0x0000000084e00000, 0x0000000084f00000|  0%| F|  |TAMS 0x0000000084e00000, 0x0000000084e00000| Untracked 
|  45|0x0000000084f00000, 0x0000000084f00000, 0x0000000085000000|  0%| F|  |TAMS 0x0000000084f00000, 0x0000000084f00000| Untracked 
|  46|0x0000000085000000, 0x0000000085000000, 0x0000000085100000|  0%| F|  |TAMS 0x0000000085000000, 0x0000000085000000| Untracked 
|  47|0x0000000085100000, 0x0000000085100000, 0x0000000085200000|  0%| F|  |TAMS 0x0000000085100000, 0x0000000085100000| Untracked 
|  48|0x0000000085200000, 0x0000000085200000, 0x0000000085300000|  0%| F|  |TAMS 0x0000000085200000, 0x0000000085200000| Untracked 
|  49|0x0000000085300000, 0x0000000085300000, 0x0000000085400000|  0%| F|  |TAMS 0x0000000085300000, 0x0000000085300000| Untracked 
|  50|0x0000000085400000, 0x0000000085400000, 0x0000000085500000|  0%| F|  |TAMS 0x0000000085400000, 0x0000000085400000| Untracked 
|  51|0x0000000085500000, 0x0000000085500000, 0x0000000085600000|  0%| F|  |TAMS 0x0000000085500000, 0x0000000085500000| Untracked 
|  52|0x0000000085600000, 0x0000000085600000, 0x0000000085700000|  0%| F|  |TAMS 0x0000000085600000, 0x0000000085600000| Untracked 
|  53|0x0000000085700000, 0x0000000085700000, 0x0000000085800000|  0%| F|  |TAMS 0x0000000085700000, 0x0000000085700000| Untracked 
|  54|0x0000000085800000, 0x0000000085800000, 0x0000000085900000|  0%| F|  |TAMS 0x0000000085800000, 0x0000000085800000| Untracked 
|  55|0x0000000085900000, 0x0000000085900000, 0x0000000085a00000|  0%| F|  |TAMS 0x0000000085900000, 0x0000000085900000| Untracked 
|  56|0x0000000085a00000, 0x0000000085a00000, 0x0000000085b00000|  0%| F|  |TAMS 0x0000000085a00000, 0x0000000085a00000| Untracked 
|  57|0x0000000085b00000, 0x0000000085b00000, 0x0000000085c00000|  0%| F|  |TAMS 0x0000000085b00000, 0x0000000085b00000| Untracked 
|  58|0x0000000085c00000, 0x0000000085c00000, 0x0000000085d00000|  0%| F|  |TAMS 0x0000000085c00000, 0x0000000085c00000| Untracked 
|  59|0x0000000085d00000, 0x0000000085d00000, 0x0000000085e00000|  0%| F|  |TAMS 0x0000000085d00000, 0x0000000085d00000| Untracked 
|  60|0x0000000085e00000, 0x0000000085e00000, 0x0000000085f00000|  0%| F|  |TAMS 0x0000000085e00000, 0x0000000085e00000| Untracked 
|  61|0x0000000085f00000, 0x0000000085f00000, 0x0000000086000000|  0%| F|  |TAMS 0x0000000085f00000, 0x0000000085f00000| Untracked 
|  62|0x0000000086000000, 0x0000000086000000, 0x0000000086100000|  0%| F|  |TAMS 0x0000000086000000, 0x0000000086000000| Untracked 
|  63|0x0000000086100000, 0x0000000086100000, 0x0000000086200000|  0%| F|  |TAMS 0x0000000086100000, 0x0000000086100000| Untracked 
|  64|0x0000000086200000, 0x0000000086200000, 0x0000000086300000|  0%| F|  |TAMS 0x0000000086200000, 0x0000000086200000| Untracked 
|  65|0x0000000086300000, 0x0000000086300000, 0x0000000086400000|  0%| F|  |TAMS 0x0000000086300000, 0x0000000086300000| Untracked 
|  66|0x0000000086400000, 0x0000000086400000, 0x0000000086500000|  0%| F|  |TAMS 0x0000000086400000, 0x0000000086400000| Untracked 
|  67|0x0000000086500000, 0x0000000086500000, 0x0000000086600000|  0%| F|  |TAMS 0x0000000086500000, 0x0000000086500000| Untracked 
|  68|0x0000000086600000, 0x0000000086600000, 0x0000000086700000|  0%| F|  |TAMS 0x0000000086600000, 0x0000000086600000| Untracked 
|  69|0x0000000086700000, 0x0000000086700000, 0x0000000086800000|  0%| F|  |TAMS 0x0000000086700000, 0x0000000086700000| Untracked 
|  70|0x0000000086800000, 0x0000000086800000, 0x0000000086900000|  0%| F|  |TAMS 0x0000000086800000, 0x0000000086800000| Untracked 
|  71|0x0000000086900000, 0x0000000086900000, 0x0000000086a00000|  0%| F|  |TAMS 0x0000000086900000, 0x0000000086900000| Untracked 
|  72|0x0000000086a00000, 0x0000000086a00000, 0x0000000086b00000|  0%| F|  |TAMS 0x0000000086a00000, 0x0000000086a00000| Untracked 
|  73|0x0000000086b00000, 0x0000000086b00000, 0x0000000086c00000|  0%| F|  |TAMS 0x0000000086b00000, 0x0000000086b00000| Untracked 
|  74|0x0000000086c00000, 0x0000000086c00000, 0x0000000086d00000|  0%| F|  |TAMS 0x0000000086c00000, 0x0000000086c00000| Untracked 
|  75|0x0000000086d00000, 0x0000000086d00000, 0x0000000086e00000|  0%| F|  |TAMS 0x0000000086d00000, 0x0000000086d00000| Untracked 
|  76|0x0000000086e00000, 0x0000000086e00000, 0x0000000086f00000|  0%| F|  |TAMS 0x0000000086e00000, 0x0000000086e00000| Untracked 
|  77|0x0000000086f00000, 0x0000000086f00000, 0x0000000087000000|  0%| F|  |TAMS 0x0000000086f00000, 0x0000000086f00000| Untracked 
|  78|0x0000000087000000, 0x0000000087000000, 0x0000000087100000|  0%| F|  |TAMS 0x0000000087000000, 0x0000000087000000| Untracked 
|  79|0x0000000087100000, 0x0000000087100000, 0x0000000087200000|  0%| F|  |TAMS 0x0000000087100000, 0x0000000087100000| Untracked 
|  80|0x0000000087200000, 0x0000000087200000, 0x0000000087300000|  0%| F|  |TAMS 0x0000000087200000, 0x0000000087200000| Untracked 
|  81|0x0000000087300000, 0x0000000087300000, 0x0000000087400000|  0%| F|  |TAMS 0x0000000087300000, 0x0000000087300000| Untracked 
|  82|0x0000000087400000, 0x0000000087400000, 0x0000000087500000|  0%| F|  |TAMS 0x0000000087400000, 0x0000000087400000| Untracked 
|  83|0x0000000087500000, 0x0000000087500000, 0x0000000087600000|  0%| F|  |TAMS 0x0000000087500000, 0x0000000087500000| Untracked 
|  84|0x0000000087600000, 0x0000000087600000, 0x0000000087700000|  0%| F|  |TAMS 0x0000000087600000, 0x0000000087600000| Untracked 
|  85|0x0000000087700000, 0x0000000087700000, 0x0000000087800000|  0%| F|  |TAMS 0x0000000087700000, 0x0000000087700000| Untracked 
|  86|0x0000000087800000, 0x0000000087800000, 0x0000000087900000|  0%| F|  |TAMS 0x0000000087800000, 0x0000000087800000| Untracked 
|  87|0x0000000087900000, 0x0000000087900000, 0x0000000087a00000|  0%| F|  |TAMS 0x0000000087900000, 0x0000000087900000| Untracked 
|  88|0x0000000087a00000, 0x0000000087a00000, 0x0000000087b00000|  0%| F|  |TAMS 0x0000000087a00000, 0x0000000087a00000| Untracked 
|  89|0x0000000087b00000, 0x0000000087b00000, 0x0000000087c00000|  0%| F|  |TAMS 0x0000000087b00000, 0x0000000087b00000| Untracked 
|  90|0x0000000087c00000, 0x0000000087c00000, 0x0000000087d00000|  0%| F|  |TAMS 0x0000000087c00000, 0x0000000087c00000| Untracked 
|  91|0x0000000087d00000, 0x0000000087d00000, 0x0000000087e00000|  0%| F|  |TAMS 0x0000000087d00000, 0x0000000087d00000| Untracked 
|  92|0x0000000087e00000, 0x0000000087e00000, 0x0000000087f00000|  0%| F|  |TAMS 0x0000000087e00000, 0x0000000087e00000| Untracked 
|  93|0x0000000087f00000, 0x0000000087f00000, 0x0000000088000000|  0%| F|  |TAMS 0x0000000087f00000, 0x0000000087f00000| Untracked 
|  94|0x0000000088000000, 0x0000000088000000, 0x0000000088100000|  0%| F|  |TAMS 0x0000000088000000, 0x0000000088000000| Untracked 
|  95|0x0000000088100000, 0x0000000088100000, 0x0000000088200000|  0%| F|  |TAMS 0x0000000088100000, 0x0000000088100000| Untracked 
|  96|0x0000000088200000, 0x0000000088200000, 0x0000000088300000|  0%| F|  |TAMS 0x0000000088200000, 0x0000000088200000| Untracked 
|  97|0x0000000088300000, 0x0000000088300000, 0x0000000088400000|  0%| F|  |TAMS 0x0000000088300000, 0x0000000088300000| Untracked 
|  98|0x0000000088400000, 0x0000000088400000, 0x0000000088500000|  0%| F|  |TAMS 0x0000000088400000, 0x0000000088400000| Untracked 
|  99|0x0000000088500000, 0x0000000088600000, 0x0000000088600000|100%| E|CS|TAMS 0x0000000088500000, 0x0000000088500000| Complete 
| 100|0x0000000088600000, 0x0000000088700000, 0x0000000088700000|100%| E|CS|TAMS 0x0000000088600000, 0x0000000088600000| Complete 
| 101|0x0000000088700000, 0x0000000088800000, 0x0000000088800000|100%| E|CS|TAMS 0x0000000088700000, 0x0000000088700000| Complete 
| 102|0x0000000088800000, 0x0000000088800000, 0x0000000088900000|  0%| F|  |TAMS 0x0000000088800000, 0x0000000088800000| Untracked 
| 103|0x0000000088900000, 0x0000000088900000, 0x0000000088a00000|  0%| F|  |TAMS 0x0000000088900000, 0x0000000088900000| Untracked 
| 104|0x0000000088a00000, 0x0000000088a00000, 0x0000000088b00000|  0%| F|  |TAMS 0x0000000088a00000, 0x0000000088a00000| Untracked 
| 105|0x0000000088b00000, 0x0000000088b00000, 0x0000000088c00000|  0%| F|  |TAMS 0x0000000088b00000, 0x0000000088b00000| Untracked 
| 106|0x0000000088c00000, 0x0000000088c00000, 0x0000000088d00000|  0%| F|  |TAMS 0x0000000088c00000, 0x0000000088c00000| Untracked 
| 107|0x0000000088d00000, 0x0000000088d00000, 0x0000000088e00000|  0%| F|  |TAMS 0x0000000088d00000, 0x0000000088d00000| Untracked 
| 108|0x0000000088e00000, 0x0000000088e740a0, 0x0000000088f00000| 45%| S|  |TAMS 0x0000000088e00000, 0x0000000088e00000| Complete 
| 109|0x0000000088f00000, 0x0000000089000000, 0x0000000089000000|100%| S|  |TAMS 0x0000000088f00000, 0x0000000088f00000| Complete 
| 110|0x0000000089000000, 0x0000000089100000, 0x0000000089100000|100%| E|CS|TAMS 0x0000000089000000, 0x0000000089000000| Complete 
| 111|0x0000000089100000, 0x0000000089200000, 0x0000000089200000|100%| E|CS|TAMS 0x0000000089100000, 0x0000000089100000| Complete 
| 112|0x0000000089200000, 0x0000000089300000, 0x0000000089300000|100%| E|CS|TAMS 0x0000000089200000, 0x0000000089200000| Complete 
| 113|0x0000000089300000, 0x0000000089400000, 0x0000000089400000|100%| E|CS|TAMS 0x0000000089300000, 0x0000000089300000| Complete 
| 114|0x0000000089400000, 0x0000000089500000, 0x0000000089500000|100%| E|CS|TAMS 0x0000000089400000, 0x0000000089400000| Complete 
| 115|0x0000000089500000, 0x0000000089600000, 0x0000000089600000|100%| E|CS|TAMS 0x0000000089500000, 0x0000000089500000| Complete 
| 116|0x0000000089600000, 0x0000000089700000, 0x0000000089700000|100%| E|CS|TAMS 0x0000000089600000, 0x0000000089600000| Complete 
| 117|0x0000000089700000, 0x0000000089800000, 0x0000000089800000|100%| E|CS|TAMS 0x0000000089700000, 0x0000000089700000| Complete 
| 118|0x0000000089800000, 0x0000000089900000, 0x0000000089900000|100%| E|CS|TAMS 0x0000000089800000, 0x0000000089800000| Complete 
| 119|0x0000000089900000, 0x0000000089a00000, 0x0000000089a00000|100%| E|CS|TAMS 0x0000000089900000, 0x0000000089900000| Complete 
| 120|0x0000000089a00000, 0x0000000089b00000, 0x0000000089b00000|100%| E|CS|TAMS 0x0000000089a00000, 0x0000000089a00000| Complete 
| 121|0x0000000089b00000, 0x0000000089c00000, 0x0000000089c00000|100%| E|CS|TAMS 0x0000000089b00000, 0x0000000089b00000| Complete 
| 122|0x0000000089c00000, 0x0000000089d00000, 0x0000000089d00000|100%| E|CS|TAMS 0x0000000089c00000, 0x0000000089c00000| Complete 
| 123|0x0000000089d00000, 0x0000000089e00000, 0x0000000089e00000|100%| E|CS|TAMS 0x0000000089d00000, 0x0000000089d00000| Complete 
| 124|0x0000000089e00000, 0x0000000089f00000, 0x0000000089f00000|100%| E|CS|TAMS 0x0000000089e00000, 0x0000000089e00000| Complete 
| 125|0x0000000089f00000, 0x000000008a000000, 0x000000008a000000|100%| E|CS|TAMS 0x0000000089f00000, 0x0000000089f00000| Complete 

Card table byte_map: [0x000001f362e50000,0x000001f363240000] _byte_map_base: 0x000001f362a3f000

Marking Bits (Prev, Next): (CMBitMap*) 0x000001f34b440238, (CMBitMap*) 0x000001f34b440270
 Prev Bits: [0x000001f363630000, 0x000001f3655a8000)
 Next Bits: [0x000001f3655b0000, 0x000001f367528000)

Polling page: 0x000001f349590000

Metaspace:

Usage:
  Non-class:     12.89 MB capacity,    12.64 MB ( 98%) used,   221.30 KB (  2%) free+waste,    35.19 KB ( <1%) overhead. 
      Class:      1.62 MB capacity,     1.51 MB ( 93%) used,   102.16 KB (  6%) free+waste,    17.38 KB (  1%) overhead. 
       Both:     14.51 MB capacity,    14.14 MB ( 97%) used,   323.47 KB (  2%) free+waste,    52.56 KB ( <1%) overhead. 

Virtual space:
  Non-class space:       14.00 MB reserved,      13.00 MB ( 93%) committed 
      Class space:        1.00 GB reserved,       1.63 MB ( <1%) committed 
             Both:        1.01 GB reserved,      14.63 MB (  1%) committed 

Chunk freelists:
   Non-Class:  6.50 KB
       Class:  256 bytes
        Both:  6.75 KB

CodeHeap 'non-profiled nmethods': size=238336Kb used=2243Kb max_used=2243Kb free=236092Kb
 bounds [0x000001f353e70000, 0x000001f3540e0000, 0x000001f362730000]
CodeHeap 'non-nmethods': size=7424Kb used=2801Kb max_used=2801Kb free=4622Kb
 bounds [0x000001f353730000, 0x000001f3539f0000, 0x000001f353e70000]
 total_blobs=1889 nmethods=1456 adapters=340
 compilation: enabled
              stopped_count=0, restarted_count=0
 full_count=0

Compilation events (10 events):
Event: 1.759 Thread 0x000001f36aae6000 nmethod 1451 0x000001f35409dd10 code [0x000001f35409dec0, 0x000001f35409dff0]
Event: 1.760 Thread 0x000001f36a91d800 nmethod 1452 0x000001f35409e090 code [0x000001f35409e2c0, 0x000001f35409e9d0]
Event: 1.760 Thread 0x000001f36ba7a800 1453       1       java.util.jar.Attributes$Name::hash (148 bytes)
Event: 1.760 Thread 0x000001f36ba7a800 nmethod 1453 0x000001f35409ec90 code [0x000001f35409eea0, 0x000001f35409f450]
Event: 1.764 Thread 0x000001f36bb58000 1454       1       sun.nio.fs.WindowsPathParser::parse (6 bytes)
Event: 1.764 Thread 0x000001f36bb58000 nmethod 1454 0x000001f35409f810 code [0x000001f35409f9c0, 0x000001f35409faf0]
Event: 1.764 Thread 0x000001f36aae6000 1455       1       sun.nio.fs.WindowsFileSystem::getPath (101 bytes)
Event: 1.764 Thread 0x000001f36a91d800 1456       1       sun.nio.fs.WindowsPath::parse (26 bytes)
Event: 1.764 Thread 0x000001f36a91d800 nmethod 1456 0x000001f35409fb90 code [0x000001f35409fd60, 0x000001f3540a0070]
Event: 1.765 Thread 0x000001f36aae6000 nmethod 1455 0x000001f3540a0190 code [0x000001f3540a03c0, 0x000001f3540a0a10]

GC Heap History (3 events):
Event: 1.043 GC heap before
{Heap before GC invocations=0 (full 0):
 garbage-first heap   total 129024K, used 24576K [0x0000000082200000, 0x0000000100000000)
  region size 1024K, 24 young (24576K), 0 survivors (0K)
 Metaspace       used 10957K, capacity 11203K, committed 11264K, reserved 1058816K
  class space    used 1144K, capacity 1227K, committed 1280K, reserved 1048576K
}
Event: 1.050 GC heap after
{Heap after GC invocations=1 (full 0):
 garbage-first heap   total 129024K, used 18283K [0x0000000082200000, 0x0000000100000000)
  region size 1024K, 3 young (3072K), 3 survivors (3072K)
 Metaspace       used 10957K, capacity 11203K, committed 11264K, reserved 1058816K
  class space    used 1144K, capacity 1227K, committed 1280K, reserved 1048576K
}
Event: 1.765 GC heap before
{Heap before GC invocations=1 (full 0):
 garbage-first heap   total 129024K, used 34667K [0x0000000082200000, 0x0000000100000000)
  region size 1024K, 19 young (19456K), 3 survivors (3072K)
 Metaspace       used 14481K, capacity 14858K, committed 14976K, reserved 1062912K
  class space    used 1542K, capacity 1662K, committed 1664K, reserved 1048576K
}

Deoptimization events (0 events):
No events

Classes redefined (0 events):
No events

Internal exceptions (10 events):
Event: 1.066 Thread 0x000001f34b3fe800 Exception <a 'java/lang/ClassNotFoundException'{0x0000000089faf2a8}: jdk/internal/agent/resources/spi/agentProvider> (0x0000000089faf2a8) thrown at [t:/workspace/open/src/hotspot/share/classfile/systemDictionary.cpp, line 231]
Event: 1.071 Thread 0x000001f34b3fe800 Exception <a 'java/lang/NoSuchMethodError'{0x0000000089e05970}: java.lang.invoke.DirectMethodHandle$Holder.invokeStatic(Ljava/lang/Object;Ljava/lang/Object;Ljava/lang/Object;Ljava/lang/Object;Ljava/lang/Object;Ljava/lang/Object;Ljava/lang/Object;Ljava/lan
Event: 1.072 Thread 0x000001f34b3fe800 Exception <a 'java/lang/NoSuchMethodError'{0x0000000089e12330}: java.lang.invoke.DirectMethodHandle$Holder.invokeStatic(Ljava/lang/Object;Ljava/lang/Object;Ljava/lang/Object;Ljava/lang/Object;Ljava/lang/Object;Ljava/lang/Object;Ljava/lang/Object;Ljava/lan
Event: 1.073 Thread 0x000001f34b3fe800 Exception <a 'java/lang/NoSuchMethodError'{0x0000000089e2bfb8}: java.lang.invoke.DelegatingMethodHandle$Holder.reinvoke_L(Ljava/lang/Object;ILjava/lang/Object;)Ljava/lang/Object;> (0x0000000089e2bfb8) thrown at [t:/workspace/open/src/hotspot/share/interpr
Event: 1.386 Thread 0x000001f34b3fe800 Exception <a 'java/lang/ClassNotFoundException'{0x0000000089c20198}: javax/smartcardio/CardPermission> (0x0000000089c20198) thrown at [t:/workspace/open/src/hotspot/share/classfile/systemDictionary.cpp, line 231]
Event: 1.387 Thread 0x000001f34b3fe800 Exception <a 'java/io/FileNotFoundException'{0x0000000089c2e790}> (0x0000000089c2e790) thrown at [t:/workspace/open/src/hotspot/share/prims/jni.cpp, line 615]
Event: 1.554 Thread 0x000001f34b3fe800 Exception <a 'java/lang/NoSuchMethodError'{0x00000000898c6250}: java.lang.invoke.DirectMethodHandle$Holder.invokeStaticInit(Ljava/lang/Object;Ljava/lang/Object;)I> (0x00000000898c6250) thrown at [t:/workspace/open/src/hotspot/share/interpreter/linkResolve
Event: 1.671 Thread 0x000001f34b3fe800 Exception <a 'java/lang/NoSuchMethodError'{0x00000000895c22c0}: java.lang.invoke.DirectMethodHandle$Holder.invokeStaticInit(Ljava/lang/Object;Ljava/lang/Object;Ljava/lang/Object;)I> (0x00000000895c22c0) thrown at [t:/workspace/open/src/hotspot/share/inter
Event: 1.674 Thread 0x000001f34b3fe800 Exception <a 'java/lang/NoSuchMethodError'{0x00000000895f5a70}: java.lang.invoke.DirectMethodHandle$Holder.invokeVirtual(Ljava/lang/Object;Ljava/lang/Object;Ljava/lang/Object;)Ljava/lang/Object;> (0x00000000895f5a70) thrown at [t:/workspace/open/src/hotsp
Event: 1.678 Thread 0x000001f34b3fe800 Exception <a 'java/lang/NoSuchMethodError'{0x000000008943f2f8}: java.lang.invoke.DirectMethodHandle$Holder.invokeSpecial(Ljava/lang/Object;Ljava/lang/Object;)V> (0x000000008943f2f8) thrown at [t:/workspace/open/src/hotspot/share/interpreter/linkResolver.c

Events (10 events):
Event: 1.743 loading class java/util/stream/Node$OfDouble
Event: 1.743 loading class java/util/stream/Node$OfDouble done
Event: 1.743 loading class java/util/stream/Nodes$EmptyNode$OfDouble done
Event: 1.743 loading class java/util/stream/Nodes$FixedNodeBuilder
Event: 1.743 loading class java/util/stream/Node$Builder
Event: 1.743 loading class java/util/stream/Node$Builder done
Event: 1.743 loading class java/util/stream/Nodes$ArrayNode
Event: 1.743 loading class java/util/stream/Nodes$ArrayNode done
Event: 1.743 loading class java/util/stream/Nodes$FixedNodeBuilder done
Event: 1.765 Executing VM operation: G1CollectForAllocation


Dynamic libraries:
0x00007ff745090000 - 0x00007ff7450d7000 	C:\Program Files\Java\jdk-11.0.4\bin\javaw.exe
0x00007ffb6c4e0000 - 0x00007ffb6c6d0000 	C:\Windows\SYSTEM32\ntdll.dll
0x00007ffb6bf50000 - 0x00007ffb6c002000 	C:\Windows\System32\KERNEL32.DLL
0x00007ffb69470000 - 0x00007ffb69713000 	C:\Windows\System32\KERNELBASE.dll
0x00007ffb6ad60000 - 0x00007ffb6ae03000 	C:\Windows\System32\ADVAPI32.dll
0x00007ffb6bd70000 - 0x00007ffb6be0e000 	C:\Windows\System32\msvcrt.dll
0x00007ffb6c0f0000 - 0x00007ffb6c187000 	C:\Windows\System32\sechost.dll
0x00007ffb6be30000 - 0x00007ffb6bf50000 	C:\Windows\System32\RPCRT4.dll
0x00007ffb6c1a0000 - 0x00007ffb6c334000 	C:\Windows\System32\USER32.dll
0x00007ffb6a290000 - 0x00007ffb6a2b1000 	C:\Windows\System32\win32u.dll
0x00007ffb6b130000 - 0x00007ffb6b156000 	C:\Windows\System32\GDI32.dll
0x00007ffb6a2c0000 - 0x00007ffb6a454000 	C:\Windows\System32\gdi32full.dll
0x00007ffb69870000 - 0x00007ffb6990e000 	C:\Windows\System32\msvcp_win.dll
0x00007ffb6a190000 - 0x00007ffb6a28a000 	C:\Windows\System32\ucrtbase.dll
0x00007ffb3ce20000 - 0x00007ffb3d0a5000 	C:\Windows\WinSxS\amd64_microsoft.windows.common-controls_6595b64144ccf1df_6.0.18362.535_none_e6c3b34713100821\COMCTL32.dll
0x00007ffb5fa10000 - 0x00007ffb5fa1a000 	C:\Windows\SYSTEM32\VERSION.dll
0x00007ffb6b190000 - 0x00007ffb6b4c6000 	C:\Windows\System32\combase.dll
0x00007ffb6a460000 - 0x00007ffb6a4e0000 	C:\Windows\System32\bcryptPrimitives.dll
0x00007ffb6b160000 - 0x00007ffb6b18e000 	C:\Windows\System32\IMM32.DLL
0x00007ffb56e90000 - 0x00007ffb56ea6000 	C:\Program Files\Java\jdk-11.0.4\bin\vcruntime140.dll
0x00007ffb544e0000 - 0x00007ffb5458a000 	C:\Program Files\Java\jdk-11.0.4\bin\msvcp140.dll
0x00007ffb131b0000 - 0x00007ffb13cd7000 	C:\Program Files\Java\jdk-11.0.4\bin\server\jvm.dll
0x00007ffb6be10000 - 0x00007ffb6be18000 	C:\Windows\System32\PSAPI.DLL
0x00007ffb65ce0000 - 0x00007ffb65d04000 	C:\Windows\SYSTEM32\WINMM.dll
0x00007ffb604c0000 - 0x00007ffb604c9000 	C:\Windows\SYSTEM32\WSOCK32.dll
0x00007ffb6b940000 - 0x00007ffb6b9af000 	C:\Windows\System32\WS2_32.dll
0x00007ffb65cb0000 - 0x00007ffb65cdd000 	C:\Windows\SYSTEM32\winmmbase.dll
0x00007ffb69910000 - 0x00007ffb6995a000 	C:\Windows\System32\cfgmgr32.dll
0x00007ffb69450000 - 0x00007ffb69461000 	C:\Windows\System32\kernel.appcore.dll
0x00007ffb60380000 - 0x00007ffb60391000 	C:\Program Files\Java\jdk-11.0.4\bin\verify.dll
0x00007ffb67ce0000 - 0x00007ffb67ed4000 	C:\Windows\SYSTEM32\DBGHELP.DLL
0x00007ffb57d30000 - 0x00007ffb57d5a000 	C:\Windows\SYSTEM32\dbgcore.DLL
0x00007ffb56da0000 - 0x00007ffb56dc9000 	C:\Program Files\Java\jdk-11.0.4\bin\java.dll
0x00007ffb5c1b0000 - 0x00007ffb5c1c6000 	C:\Program Files\Java\jdk-11.0.4\bin\zip.dll
0x00007ffb5bcf0000 - 0x00007ffb5bcfa000 	C:\Program Files\Java\jdk-11.0.4\bin\jimage.dll
0x00007ffb6a610000 - 0x00007ffb6acf5000 	C:\Windows\System32\SHELL32.dll
0x00007ffb6b080000 - 0x00007ffb6b129000 	C:\Windows\System32\shcore.dll
0x00007ffb69960000 - 0x00007ffb6a0df000 	C:\Windows\System32\windows.storage.dll
0x00007ffb69430000 - 0x00007ffb6944f000 	C:\Windows\System32\profapi.dll
0x00007ffb693e0000 - 0x00007ffb6942a000 	C:\Windows\System32\powrprof.dll
0x00007ffb693b0000 - 0x00007ffb693c0000 	C:\Windows\System32\UMPDC.dll
0x00007ffb6ae10000 - 0x00007ffb6ae62000 	C:\Windows\System32\shlwapi.dll
0x00007ffb6a510000 - 0x00007ffb6a527000 	C:\Windows\System32\cryptsp.dll
0x00007ffb56d60000 - 0x00007ffb56d79000 	C:\Program Files\Java\jdk-11.0.4\bin\net.dll
0x00007ffb5aff0000 - 0x00007ffb5b0e0000 	C:\Windows\SYSTEM32\WINHTTP.dll
0x00007ffb4ebb0000 - 0x00007ffb4ed86000 	C:\Windows\SYSTEM32\urlmon.dll
0x00007ffb4fe10000 - 0x00007ffb500b6000 	C:\Windows\SYSTEM32\iertutil.dll
0x00007ffb68d90000 - 0x00007ffb68d9c000 	C:\Windows\SYSTEM32\CRYPTBASE.DLL
0x00007ffb68bc0000 - 0x00007ffb68c27000 	C:\Windows\system32\mswsock.dll
0x00007ffb56520000 - 0x00007ffb56533000 	C:\Program Files\Java\jdk-11.0.4\bin\nio.dll
0x00007ffb59320000 - 0x00007ffb59329000 	C:\Program Files\Java\jdk-11.0.4\bin\management.dll
0x00007ffb570f0000 - 0x00007ffb570fc000 	C:\Program Files\Java\jdk-11.0.4\bin\management_ext.dll
0x00007ffb481e0000 - 0x00007ffb481f6000 	C:\Windows\system32\napinsp.dll
0x00007ffb481c0000 - 0x00007ffb481da000 	C:\Windows\system32\pnrpnsp.dll
0x00007ffb68910000 - 0x00007ffb689da000 	C:\Windows\SYSTEM32\DNSAPI.dll
0x00007ffb6be20000 - 0x00007ffb6be28000 	C:\Windows\System32\NSI.dll
0x00007ffb688d0000 - 0x00007ffb6890a000 	C:\Windows\SYSTEM32\IPHLPAPI.DLL
0x00007ffb481b0000 - 0x00007ffb481be000 	C:\Windows\System32\winrnr.dll
0x00007ffb5c120000 - 0x00007ffb5c13c000 	C:\Windows\system32\NLAapi.dll
0x00007ffb61b90000 - 0x00007ffb61ba5000 	C:\Windows\system32\wshbth.dll
0x00007ffb54ad0000 - 0x00007ffb54ada000 	C:\Windows\System32\rasadhlp.dll
0x00007ffb5b580000 - 0x00007ffb5b5f7000 	C:\Windows\System32\fwpuclnt.dll
0x00007ffb6a4e0000 - 0x00007ffb6a506000 	C:\Windows\System32\bcrypt.dll
0x00007ffb68730000 - 0x00007ffb68763000 	C:\Windows\system32\rsaenh.dll
0x00007ffb692d0000 - 0x00007ffb692f5000 	C:\Windows\SYSTEM32\USERENV.dll
0x00007ffb5b6d0000 - 0x00007ffb5b6e6000 	C:\Windows\SYSTEM32\dhcpcsvc6.DLL
0x00007ffb5b9d0000 - 0x00007ffb5b9ec000 	C:\Windows\SYSTEM32\dhcpcsvc.DLL

dbghelp: loaded successfully - version: 4.0.5 - missing functions: none
symbol engine: initialized successfully - sym options: 0x614 - pdb path: .;C:\Program Files\Java\jdk-11.0.4\bin;C:\Windows\SYSTEM32;C:\Windows\WinSxS\amd64_microsoft.windows.common-controls_6595b64144ccf1df_6.0.18362.535_none_e6c3b34713100821;C:\Program Files\Java\jdk-11.0.4\bin\server

VM Arguments:
jvm_args: -Dcom.sun.management.jmxremote -Dcom.sun.management.jmxremote.port=62960 -Dcom.sun.management.jmxremote.authenticate=false -Dcom.sun.management.jmxremote.ssl=false -Djava.rmi.server.hostname=localhost -Dspring.jmx.enabled=true -Dspring.application.admin.enabled=true -Xverify:none -XX:TieredStopAtLevel=1 -Dspring.boot.project.name=spring-boot-ionic-backend -Dfile.encoding=UTF-8 
java_command: com.matheuscordeiro.conceptualmodels.ConceptualmodelsApplication --spring.output.ansi.enabled=always
java_class_path (initial): C:\temp\ws-spring-ionic\spring-boot-ionic-backend\target\classes;C:\Users\CORDEIROS\.m2\repository\org\springframework\boot\spring-boot-starter-web\2.2.1.RELEASE\spring-boot-starter-web-2.2.1.RELEASE.jar;C:\Users\CORDEIROS\.m2\repository\org\springframework\boot\spring-boot-starter\2.2.1.RELEASE\spring-boot-starter-2.2.1.RELEASE.jar;C:\Users\CORDEIROS\.m2\repository\org\springframework\boot\spring-boot-starter-logging\2.2.1.RELEASE\spring-boot-starter-logging-2.2.1.RELEASE.jar;C:\Users\CORDEIROS\.m2\repository\ch\qos\logback\logback-classic\1.2.3\logback-classic-1.2.3.jar;C:\Users\CORDEIROS\.m2\repository\ch\qos\logback\logback-core\1.2.3\logback-core-1.2.3.jar;C:\Users\CORDEIROS\.m2\repository\org\apache\logging\log4j\log4j-to-slf4j\2.12.1\log4j-to-slf4j-2.12.1.jar;C:\Users\CORDEIROS\.m2\repository\org\apache\logging\log4j\log4j-api\2.12.1\log4j-api-2.12.1.jar;C:\Users\CORDEIROS\.m2\repository\org\slf4j\jul-to-slf4j\1.7.29\jul-to-slf4j-1.7.29.jar;C:\Users\CORDEIROS\.m2\repository\jakarta\annotation\jakarta.annotation-api\1.3.5\jakarta.annotation-api-1.3.5.jar;C:\Users\CORDEIROS\.m2\repository\org\yaml\snakeyaml\1.25\snakeyaml-1.25.jar;C:\Users\CORDEIROS\.m2\repository\org\springframework\boot\spring-boot-starter-json\2.2.1.RELEASE\spring-boot-starter-json-2.2.1.RELEASE.jar;C:\Users\CORDEIROS\.m2\repository\com\fasterxml\jackson\datatype\jackson-datatype-jdk8\2.10.0\jackson-datatype-jdk8-2.10.0.jar;C:\Users\CORDEIROS\.m2\repository\com\fasterxml\jackson\datatype\jackson-datatype-jsr310\2.10.0\jackson-datatype-jsr310-2.10.0.jar;C:\Users\CORDEIROS\.m2\repository\com\fasterxml\jackson\module\jackson-module-parameter-names\2.10.0\jackson-module-parameter-names-2.10.0.jar;C:\Users\CORDEIROS\.m2\repository\org\springframework\boot\spring-boot-starter-tomcat\2.2.1.RELEASE\spring-boot-starter-tomcat-2.2.1.RELEASE.jar;C:\Users\CORDEIROS\.m2\repository\org\apache\tomcat\embed\tomcat-embed-core\9.0.27\tomcat-embed-core-9.0.27.jar;C:\Users\CORDEIROS
Launcher Type: SUN_STANDARD

[Global flags]
     bool BytecodeVerificationLocal                = false                                     {product} {command line}
     bool BytecodeVerificationRemote               = false                                     {product} {command line}
     intx CICompilerCount                          = 4                                         {product} {ergonomic}
     uint ConcGCThreads                            = 2                                         {product} {ergonomic}
     uint G1ConcRefinementThreads                  = 8                                         {product} {ergonomic}
   size_t G1HeapRegionSize                         = 1048576                                   {product} {ergonomic}
    uintx GCDrainStackTargetSize                   = 64                                        {product} {ergonomic}
   size_t InitialHeapSize                          = 132120576                                 {product} {ergonomic}
     bool ManagementServer                         = true                                      {product} {command line}
   size_t MarkStackSize                            = 4194304                                   {product} {ergonomic}
   size_t MaxHeapSize                              = 2111832064                                {product} {ergonomic}
   size_t MaxNewSize                               = 1266679808                                {product} {ergonomic}
   size_t MinHeapDeltaBytes                        = 1048576                                   {product} {ergonomic}
    uintx NonNMethodCodeHeapSize                   = 7549744                                {pd product} {ergonomic}
    uintx NonProfiledCodeHeapSize                  = 244108496                              {pd product} {ergonomic}
    uintx ProfiledCodeHeapSize                     = 0                                      {pd product} {ergonomic}
    uintx ReservedCodeCacheSize                    = 251658240                              {pd product} {ergonomic}
     bool SegmentedCodeCache                       = true                                      {product} {ergonomic}
     intx TieredStopAtLevel                        = 1                                         {product} {command line}
     bool UseCompressedClassPointers               = true                                 {lp64_product} {ergonomic}
     bool UseCompressedOops                        = true                                 {lp64_product} {ergonomic}
     bool UseG1GC                                  = true                                      {product} {ergonomic}
     bool UseLargePagesIndividualAllocation        = false                                  {pd product} {ergonomic}

Logging:
Log output configuration:
 #0: stdout all=warning uptime,level,tags
 #1: stderr all=off uptime,level,tags

Environment Variables:
JAVA_HOME=C:\Program Files\Java\jdk-11.0.4
PATH=C:/Program Files/Java/jdk-11.0.4/bin/server;C:/Program Files/Java/jdk-11.0.4/bin;C:\Windows\system32;C:\Windows;C:\Windows\System32\Wbem;C:\Windows\System32\WindowsPowerShell\v1.0\;C:\Windows\System32\OpenSSH\;C:\Program Files\Microsoft VS Code\bin;C:\Program Files\Git\cmd;C:\ProgramData\chocolatey\bin;C:\Program Files (x86)\Yarn\bin\;C:\Program Files\nodejs\;C:\Program Files\Java\jdk-11.0.4\bin;C:\Program Files\MongoDB\Server\4.2\bin;C:\xampp\mysql\bin;C:\Program Files\MySQL\MySQL Shell 8.0\bin\;C:\Users\CORDEIROS\AppData\Local\Microsoft\WindowsApps;C:\Users\CORDEIROS\AppData\Local\Yarn\bin;C:\Users\CORDEIROS\AppData\Roaming\npm;C:\xampp\mysql\bin;C:\Program Files\heroku\bin;C:\sts-4.4.1.RELEASE;
USERNAME=CORDEIROS
OS=Windows_NT
PROCESSOR_IDENTIFIER=Intel64 Family 6 Model 142 Stepping 12, GenuineIntel



---------------  S Y S T E M  ---------------

OS: Windows 10 , 64 bit Build 18362 (10.0.18362.329)

CPU:total 8 (initial active 8) (4 cores per cpu, 2 threads per core) family 6 model 142 stepping 12, cmov, cx8, fxsr, mmx, sse, sse2, sse3, ssse3, sse4.1, sse4.2, popcnt, avx, avx2, aes, clmul, erms, 3dnowpref, lzcnt, ht, tsc, tscinvbit, bmi1, bmi2, adx, fma

Memory: 4k page, system-wide physical 8052M (1546M free)
TotalPageFile size 12534M (AvailPageFile size 2346M)
current process WorkingSet (physical memory assigned to process): 98M, peak: 98M
current process commit charge ("private bytes"): 229M, peak: 229M

vm_info: Java HotSpot(TM) 64-Bit Server VM (11.0.4+10-LTS) for windows-amd64 JRE (11.0.4+10-LTS), built on Jul  4 2019 16:28:13 by "mach5one" with MS VC++ 15.5 (VS2017)

END.
